<?xml version="1.0" encoding="UTF-8"?>
<!-- Generated by org.testng.reporters.JUnitReportReporter -->
<testsuite hostname="DESKTOP-R1NCR26" failures="0" tests="1" name="HashMapUsinginFramworks.AutomationPractice_TestNG_LoginTest" time="33.909" errors="0" timestamp="2022-02-19T09:12:13 GMT-05:00" skipped="0">
  <testcase classname="HashMapUsinginFramworks.AutomationPractice_TestNG_LoginTest" name="loginWithCustomerUserTest" time="33.909"/>
  <system-out/>
</testsuite> <!-- HashMapUsinginFramworks.AutomationPractice_TestNG_LoginTest -->
